{"uid":"87a19c44a15b2371","name":"Login with invalid credentials is impossible","fullName":"aquality.appium.mobile.template.testng.tests.LoginTest.testLoginWithInvalidCredentials: IOS","historyId":"7befe75ceef525aef0e9699076adaa03IOS","time":{"start":1713892144292,"stop":1713892191007,"duration":46715},"status":"broken","statusMessage":"No elements with locator 'AppiumBy.accessibilityId: Login Screen' were found in DISPLAYED state: Expected condition failed:  (tried for 45 second(s) with 300 milliseconds interval)\nBuild info: version: '4.19.1', revision: 'abe0ee07dc'\nSystem info: os.name: 'Mac OS X', os.arch: 'x86_64', os.version: '12.7.4', java.version: '11.0.23'\nDriver info: io.appium.java_client.ios.IOSDriver\nCapabilities {appium:app: /Users/runner/work/aquality..., appium:automationName: XCUITest, appium:bundleId: io.cloudgrey.the-app, appium:databaseEnabled: false, appium:deviceName: iPhone 8, appium:isHeadless: true, appium:javascriptEnabled: true, appium:locationContextEnabled: false, appium:networkConnectionEnabled: false, appium:noReset: true, appium:platformVersion: 16.2, appium:simulatorStartupTimeout: 300000, appium:takesScreenshot: true, appium:udid: A3168C63-67A1-4322-BC24-8B3..., appium:wdaLaunchTimeout: 90000, appium:wdaStartupRetries: 4, appium:wdaStartupRetryInterval: 20000, appium:webStorageEnabled: false, platformName: IOS}\nSession ID: d376ad95-bf11-4655-8caa-c191f0615059\nFor documentation on this error, please visit: https://www.selenium.dev/documentation/webdriver/troubleshooting/errors#no-such-element-exception\nBuild info: version: '4.19.1', revision: 'abe0ee07dc'\nSystem info: os.name: 'Mac OS X', os.arch: 'x86_64', os.version: '12.7.4', java.version: '11.0.23'\nDriver info: driver.version: unknown","statusTrace":"org.openqa.selenium.NoSuchElementException: No elements with locator 'AppiumBy.accessibilityId: Login Screen' were found in DISPLAYED state: Expected condition failed:  (tried for 45 second(s) with 300 milliseconds interval)\nBuild info: version: '4.19.1', revision: 'abe0ee07dc'\nSystem info: os.name: 'Mac OS X', os.arch: 'x86_64', os.version: '12.7.4', java.version: '11.0.23'\nDriver info: io.appium.java_client.ios.IOSDriver\nCapabilities {appium:app: /Users/runner/work/aquality..., appium:automationName: XCUITest, appium:bundleId: io.cloudgrey.the-app, appium:databaseEnabled: false, appium:deviceName: iPhone 8, appium:isHeadless: true, appium:javascriptEnabled: true, appium:locationContextEnabled: false, appium:networkConnectionEnabled: false, appium:noReset: true, appium:platformVersion: 16.2, appium:simulatorStartupTimeout: 300000, appium:takesScreenshot: true, appium:udid: A3168C63-67A1-4322-BC24-8B3..., appium:wdaLaunchTimeout: 90000, appium:wdaStartupRetries: 4, appium:wdaStartupRetryInterval: 20000, appium:webStorageEnabled: false, platformName: IOS}\nSession ID: d376ad95-bf11-4655-8caa-c191f0615059\nFor documentation on this error, please visit: https://www.selenium.dev/documentation/webdriver/troubleshooting/errors#no-such-element-exception\nBuild info: version: '4.19.1', revision: 'abe0ee07dc'\nSystem info: os.name: 'Mac OS X', os.arch: 'x86_64', os.version: '12.7.4', java.version: '11.0.23'\nDriver info: driver.version: unknown\n\tat aquality.selenium.core.elements.ElementFinder.handleTimeoutException(ElementFinder.java:75)\n\tat aquality.selenium.core.elements.ElementFinder.findElements(ElementFinder.java:36)\n\tat aquality.selenium.core.elements.interfaces.IElementFinder.findElement(IElementFinder.java:51)\n\tat aquality.selenium.core.elements.ElementCacheHandler.getElement(ElementCacheHandler.java:52)\n\tat aquality.selenium.core.elements.interfaces.IElementCacheHandler.getElement(IElementCacheHandler.java:62)\n\tat aquality.selenium.core.elements.Element.getElement(Element.java:110)\n\tat aquality.selenium.core.elements.interfaces.IElement.getElement(IElement.java:45)\n\tat aquality.selenium.core.elements.Element.lambda$click$4(Element.java:154)\n\tat aquality.selenium.core.utilities.ActionRetrier.lambda$doWithRetry$0(ActionRetrier.java:21)\n\tat aquality.selenium.core.utilities.ActionRetrier.doWithRetry(ActionRetrier.java:33)\n\tat aquality.selenium.core.utilities.ActionRetrier.doWithRetry(ActionRetrier.java:24)\n\tat aquality.selenium.core.utilities.ElementActionRetrier.doWithRetry(ElementActionRetrier.java:17)\n\tat aquality.selenium.core.elements.Element.doWithRetry(Element.java:182)\n\tat aquality.selenium.core.elements.Element.click(Element.java:154)\n\tat aquality.appium.mobile.template.screens.chooseview.ChooseViewScreen.openView(ChooseViewScreen.java:16)\n\tat aquality.appium.mobile.template.testng.steps.ChooseViewSteps.openView(ChooseViewSteps.java:15)\n\tat aquality.appium.mobile.template.testng.tests.LoginTest.testLoginWithInvalidCredentials(LoginTest.java:25)\n\tat java.base/jdk.internal.reflect.NativeMethodAccessorImpl.invoke0(Native Method)\n\tat java.base/jdk.internal.reflect.NativeMethodAccessorImpl.invoke(NativeMethodAccessorImpl.java:62)\n\tat java.base/jdk.internal.reflect.DelegatingMethodAccessorImpl.invoke(DelegatingMethodAccessorImpl.java:43)\n\tat java.base/java.lang.reflect.Method.invoke(Method.java:566)\n\tat org.testng.internal.invokers.MethodInvocationHelper.invokeMethod(MethodInvocationHelper.java:139)\n\tat org.testng.internal.invokers.TestInvoker.invokeMethod(TestInvoker.java:664)\n\tat org.testng.internal.invokers.TestInvoker.invokeTestMethod(TestInvoker.java:228)\n\tat org.testng.internal.invokers.MethodRunner.runInSequence(MethodRunner.java:63)\n\tat org.testng.internal.invokers.TestInvoker$MethodInvocationAgent.invoke(TestInvoker.java:961)\n\tat org.testng.internal.invokers.TestInvoker.invokeTestMethods(TestInvoker.java:201)\n\tat org.testng.internal.invokers.TestMethodWorker.invokeTestMethods(TestMethodWorker.java:148)\n\tat org.testng.internal.invokers.TestMethodWorker.run(TestMethodWorker.java:128)\n\tat java.base/java.util.concurrent.Executors$RunnableAdapter.call(Executors.java:515)\n\tat java.base/java.util.concurrent.FutureTask.run(FutureTask.java:264)\n\tat org.testng.internal.thread.graph.TestNGFutureTask.run(TestNGFutureTask.java:22)\n\tat java.base/java.util.concurrent.ThreadPoolExecutor.runWorker(ThreadPoolExecutor.java:1128)\n\tat java.base/java.util.concurrent.ThreadPoolExecutor$Worker.run(ThreadPoolExecutor.java:628)\n\tat java.base/java.lang.Thread.run(Thread.java:829)\n","flaky":false,"newFailed":false,"newBroken":false,"newPassed":false,"retriesCount":0,"retriesStatusChange":false,"beforeStages":[{"name":"beforeTest","time":{"start":1713892141471,"stop":1713892141582,"duration":111},"description":"","status":"passed","steps":[],"attachments":[],"parameters":[],"shouldDisplayMessage":false,"stepsCount":0,"attachmentsCount":0,"hasContent":false,"attachmentStep":false},{"name":"setup","time":{"start":1713892141711,"stop":1713892144130,"duration":2419},"description":"","status":"passed","steps":[{"name":"17:09:01.893 - Setting application driver using the server on 'http://127.0.0.1:4723/wd/hub'","time":{"start":1713892141895,"stop":1713892141895,"duration":0},"status":"passed","steps":[],"attachments":[],"parameters":[],"shouldDisplayMessage":false,"stepsCount":0,"attachmentsCount":0,"hasContent":false,"attachmentStep":false},{"name":"17:09:04.118 - Application on platform 'IOS' is ready...","time":{"start":1713892144118,"stop":1713892144118,"duration":0},"status":"passed","steps":[],"attachments":[],"parameters":[],"shouldDisplayMessage":false,"stepsCount":0,"attachmentsCount":0,"hasContent":false,"attachmentStep":false}],"attachments":[],"parameters":[],"shouldDisplayMessage":false,"stepsCount":2,"attachmentsCount":0,"hasContent":true,"attachmentStep":false}],"testStage":{"status":"broken","statusMessage":"No elements with locator 'AppiumBy.accessibilityId: Login Screen' were found in DISPLAYED state: Expected condition failed:  (tried for 45 second(s) with 300 milliseconds interval)\nBuild info: version: '4.19.1', revision: 'abe0ee07dc'\nSystem info: os.name: 'Mac OS X', os.arch: 'x86_64', os.version: '12.7.4', java.version: '11.0.23'\nDriver info: io.appium.java_client.ios.IOSDriver\nCapabilities {appium:app: /Users/runner/work/aquality..., appium:automationName: XCUITest, appium:bundleId: io.cloudgrey.the-app, appium:databaseEnabled: false, appium:deviceName: iPhone 8, appium:isHeadless: true, appium:javascriptEnabled: true, appium:locationContextEnabled: false, appium:networkConnectionEnabled: false, appium:noReset: true, appium:platformVersion: 16.2, appium:simulatorStartupTimeout: 300000, appium:takesScreenshot: true, appium:udid: A3168C63-67A1-4322-BC24-8B3..., appium:wdaLaunchTimeout: 90000, appium:wdaStartupRetries: 4, appium:wdaStartupRetryInterval: 20000, appium:webStorageEnabled: false, platformName: IOS}\nSession ID: d376ad95-bf11-4655-8caa-c191f0615059\nFor documentation on this error, please visit: https://www.selenium.dev/documentation/webdriver/troubleshooting/errors#no-such-element-exception\nBuild info: version: '4.19.1', revision: 'abe0ee07dc'\nSystem info: os.name: 'Mac OS X', os.arch: 'x86_64', os.version: '12.7.4', java.version: '11.0.23'\nDriver info: driver.version: unknown","statusTrace":"org.openqa.selenium.NoSuchElementException: No elements with locator 'AppiumBy.accessibilityId: Login Screen' were found in DISPLAYED state: Expected condition failed:  (tried for 45 second(s) with 300 milliseconds interval)\nBuild info: version: '4.19.1', revision: 'abe0ee07dc'\nSystem info: os.name: 'Mac OS X', os.arch: 'x86_64', os.version: '12.7.4', java.version: '11.0.23'\nDriver info: io.appium.java_client.ios.IOSDriver\nCapabilities {appium:app: /Users/runner/work/aquality..., appium:automationName: XCUITest, appium:bundleId: io.cloudgrey.the-app, appium:databaseEnabled: false, appium:deviceName: iPhone 8, appium:isHeadless: true, appium:javascriptEnabled: true, appium:locationContextEnabled: false, appium:networkConnectionEnabled: false, appium:noReset: true, appium:platformVersion: 16.2, appium:simulatorStartupTimeout: 300000, appium:takesScreenshot: true, appium:udid: A3168C63-67A1-4322-BC24-8B3..., appium:wdaLaunchTimeout: 90000, appium:wdaStartupRetries: 4, appium:wdaStartupRetryInterval: 20000, appium:webStorageEnabled: false, platformName: IOS}\nSession ID: d376ad95-bf11-4655-8caa-c191f0615059\nFor documentation on this error, please visit: https://www.selenium.dev/documentation/webdriver/troubleshooting/errors#no-such-element-exception\nBuild info: version: '4.19.1', revision: 'abe0ee07dc'\nSystem info: os.name: 'Mac OS X', os.arch: 'x86_64', os.version: '12.7.4', java.version: '11.0.23'\nDriver info: driver.version: unknown\n\tat aquality.selenium.core.elements.ElementFinder.handleTimeoutException(ElementFinder.java:75)\n\tat aquality.selenium.core.elements.ElementFinder.findElements(ElementFinder.java:36)\n\tat aquality.selenium.core.elements.interfaces.IElementFinder.findElement(IElementFinder.java:51)\n\tat aquality.selenium.core.elements.ElementCacheHandler.getElement(ElementCacheHandler.java:52)\n\tat aquality.selenium.core.elements.interfaces.IElementCacheHandler.getElement(IElementCacheHandler.java:62)\n\tat aquality.selenium.core.elements.Element.getElement(Element.java:110)\n\tat aquality.selenium.core.elements.interfaces.IElement.getElement(IElement.java:45)\n\tat aquality.selenium.core.elements.Element.lambda$click$4(Element.java:154)\n\tat aquality.selenium.core.utilities.ActionRetrier.lambda$doWithRetry$0(ActionRetrier.java:21)\n\tat aquality.selenium.core.utilities.ActionRetrier.doWithRetry(ActionRetrier.java:33)\n\tat aquality.selenium.core.utilities.ActionRetrier.doWithRetry(ActionRetrier.java:24)\n\tat aquality.selenium.core.utilities.ElementActionRetrier.doWithRetry(ElementActionRetrier.java:17)\n\tat aquality.selenium.core.elements.Element.doWithRetry(Element.java:182)\n\tat aquality.selenium.core.elements.Element.click(Element.java:154)\n\tat aquality.appium.mobile.template.screens.chooseview.ChooseViewScreen.openView(ChooseViewScreen.java:16)\n\tat aquality.appium.mobile.template.testng.steps.ChooseViewSteps.openView(ChooseViewSteps.java:15)\n\tat aquality.appium.mobile.template.testng.tests.LoginTest.testLoginWithInvalidCredentials(LoginTest.java:25)\n\tat java.base/jdk.internal.reflect.NativeMethodAccessorImpl.invoke0(Native Method)\n\tat java.base/jdk.internal.reflect.NativeMethodAccessorImpl.invoke(NativeMethodAccessorImpl.java:62)\n\tat java.base/jdk.internal.reflect.DelegatingMethodAccessorImpl.invoke(DelegatingMethodAccessorImpl.java:43)\n\tat java.base/java.lang.reflect.Method.invoke(Method.java:566)\n\tat org.testng.internal.invokers.MethodInvocationHelper.invokeMethod(MethodInvocationHelper.java:139)\n\tat org.testng.internal.invokers.TestInvoker.invokeMethod(TestInvoker.java:664)\n\tat org.testng.internal.invokers.TestInvoker.invokeTestMethod(TestInvoker.java:228)\n\tat org.testng.internal.invokers.MethodRunner.runInSequence(MethodRunner.java:63)\n\tat org.testng.internal.invokers.TestInvoker$MethodInvocationAgent.invoke(TestInvoker.java:961)\n\tat org.testng.internal.invokers.TestInvoker.invokeTestMethods(TestInvoker.java:201)\n\tat org.testng.internal.invokers.TestMethodWorker.invokeTestMethods(TestMethodWorker.java:148)\n\tat org.testng.internal.invokers.TestMethodWorker.run(TestMethodWorker.java:128)\n\tat java.base/java.util.concurrent.Executors$RunnableAdapter.call(Executors.java:515)\n\tat java.base/java.util.concurrent.FutureTask.run(FutureTask.java:264)\n\tat org.testng.internal.thread.graph.TestNGFutureTask.run(TestNGFutureTask.java:22)\n\tat java.base/java.util.concurrent.ThreadPoolExecutor.runWorker(ThreadPoolExecutor.java:1128)\n\tat java.base/java.util.concurrent.ThreadPoolExecutor$Worker.run(ThreadPoolExecutor.java:628)\n\tat java.base/java.lang.Thread.run(Thread.java:829)\n","steps":[{"name":"I open 'Login Screen' view","time":{"start":1713892144342,"stop":1713892191003,"duration":46661},"status":"broken","statusMessage":"No elements with locator 'AppiumBy.accessibilityId: Login Screen' were found in DISPLAYED state: Expected condition failed:  (tried for 45 second(s) with 300 milliseconds interval)\nBuild info: version: '4.19.1', revision: 'abe0ee07dc'\nSystem info: os.name: 'Mac OS X', os.arch: 'x86_64', os.version: '12.7.4', java.version: '11.0.23'\nDriver info: io.appium.java_client.ios.IOSDriver\nCapabilities {appium:app: /Users/runner/work/aquality..., appium:automationName: XCUITest, appium:bundleId: io.cloudgrey.the-app, appium:databaseEnabled: false, appium:deviceName: iPhone 8, appium:isHeadless: true, appium:javascriptEnabled: true, appium:locationContextEnabled: false, appium:networkConnectionEnabled: false, appium:noReset: true, appium:platformVersion: 16.2, appium:simulatorStartupTimeout: 300000, appium:takesScreenshot: true, appium:udid: A3168C63-67A1-4322-BC24-8B3..., appium:wdaLaunchTimeout: 90000, appium:wdaStartupRetries: 4, appium:wdaStartupRetryInterval: 20000, appium:webStorageEnabled: false, platformName: IOS}\nSession ID: d376ad95-bf11-4655-8caa-c191f0615059\nFor documentation on this error, please visit: https://www.selenium.dev/documentation/webdriver/troubleshooting/errors#no-such-element-exception\nBuild info: version: '4.19.1', revision: 'abe0ee07dc'\nSystem info: os.name: 'Mac OS X', os.arch: 'x86_64', os.version: '12.7.4', java.version: '11.0.23'\nDriver info: driver.version: unknown","statusTrace":"org.openqa.selenium.NoSuchElementException: No elements with locator 'AppiumBy.accessibilityId: Login Screen' were found in DISPLAYED state: Expected condition failed:  (tried for 45 second(s) with 300 milliseconds interval)\nBuild info: version: '4.19.1', revision: 'abe0ee07dc'\nSystem info: os.name: 'Mac OS X', os.arch: 'x86_64', os.version: '12.7.4', java.version: '11.0.23'\nDriver info: io.appium.java_client.ios.IOSDriver\nCapabilities {appium:app: /Users/runner/work/aquality..., appium:automationName: XCUITest, appium:bundleId: io.cloudgrey.the-app, appium:databaseEnabled: false, appium:deviceName: iPhone 8, appium:isHeadless: true, appium:javascriptEnabled: true, appium:locationContextEnabled: false, appium:networkConnectionEnabled: false, appium:noReset: true, appium:platformVersion: 16.2, appium:simulatorStartupTimeout: 300000, appium:takesScreenshot: true, appium:udid: A3168C63-67A1-4322-BC24-8B3..., appium:wdaLaunchTimeout: 90000, appium:wdaStartupRetries: 4, appium:wdaStartupRetryInterval: 20000, appium:webStorageEnabled: false, platformName: IOS}\nSession ID: d376ad95-bf11-4655-8caa-c191f0615059\nFor documentation on this error, please visit: https://www.selenium.dev/documentation/webdriver/troubleshooting/errors#no-such-element-exception\nBuild info: version: '4.19.1', revision: 'abe0ee07dc'\nSystem info: os.name: 'Mac OS X', os.arch: 'x86_64', os.version: '12.7.4', java.version: '11.0.23'\nDriver info: driver.version: unknown\n\tat aquality.selenium.core.elements.ElementFinder.handleTimeoutException(ElementFinder.java:75)\n\tat aquality.selenium.core.elements.ElementFinder.findElements(ElementFinder.java:36)\n\tat aquality.selenium.core.elements.interfaces.IElementFinder.findElement(IElementFinder.java:51)\n\tat aquality.selenium.core.elements.ElementCacheHandler.getElement(ElementCacheHandler.java:52)\n\tat aquality.selenium.core.elements.interfaces.IElementCacheHandler.getElement(IElementCacheHandler.java:62)\n\tat aquality.selenium.core.elements.Element.getElement(Element.java:110)\n\tat aquality.selenium.core.elements.interfaces.IElement.getElement(IElement.java:45)\n\tat aquality.selenium.core.elements.Element.lambda$click$4(Element.java:154)\n\tat aquality.selenium.core.utilities.ActionRetrier.lambda$doWithRetry$0(ActionRetrier.java:21)\n\tat aquality.selenium.core.utilities.ActionRetrier.doWithRetry(ActionRetrier.java:33)\n\tat aquality.selenium.core.utilities.ActionRetrier.doWithRetry(ActionRetrier.java:24)\n\tat aquality.selenium.core.utilities.ElementActionRetrier.doWithRetry(ElementActionRetrier.java:17)\n\tat aquality.selenium.core.elements.Element.doWithRetry(Element.java:182)\n\tat aquality.selenium.core.elements.Element.click(Element.java:154)\n\tat aquality.appium.mobile.template.screens.chooseview.ChooseViewScreen.openView(ChooseViewScreen.java:16)\n\tat aquality.appium.mobile.template.testng.steps.ChooseViewSteps.openView(ChooseViewSteps.java:15)\n\tat aquality.appium.mobile.template.testng.tests.LoginTest.testLoginWithInvalidCredentials(LoginTest.java:25)\n\tat java.base/jdk.internal.reflect.NativeMethodAccessorImpl.invoke0(Native Method)\n\tat java.base/jdk.internal.reflect.NativeMethodAccessorImpl.invoke(NativeMethodAccessorImpl.java:62)\n\tat java.base/jdk.internal.reflect.DelegatingMethodAccessorImpl.invoke(DelegatingMethodAccessorImpl.java:43)\n\tat java.base/java.lang.reflect.Method.invoke(Method.java:566)\n\tat org.testng.internal.invokers.MethodInvocationHelper.invokeMethod(MethodInvocationHelper.java:139)\n\tat org.testng.internal.invokers.TestInvoker.invokeMethod(TestInvoker.java:664)\n\tat org.testng.internal.invokers.TestInvoker.invokeTestMethod(TestInvoker.java:228)\n\tat org.testng.internal.invokers.MethodRunner.runInSequence(MethodRunner.java:63)\n\tat org.testng.internal.invokers.TestInvoker$MethodInvocationAgent.invoke(TestInvoker.java:961)\n\tat org.testng.internal.invokers.TestInvoker.invokeTestMethods(TestInvoker.java:201)\n\tat org.testng.internal.invokers.TestMethodWorker.invokeTestMethods(TestMethodWorker.java:148)\n\tat org.testng.internal.invokers.TestMethodWorker.run(TestMethodWorker.java:128)\n\tat java.base/java.util.concurrent.Executors$RunnableAdapter.call(Executors.java:515)\n\tat java.base/java.util.concurrent.FutureTask.run(FutureTask.java:264)\n\tat org.testng.internal.thread.graph.TestNGFutureTask.run(TestNGFutureTask.java:22)\n\tat java.base/java.util.concurrent.ThreadPoolExecutor.runWorker(ThreadPoolExecutor.java:1128)\n\tat java.base/java.util.concurrent.ThreadPoolExecutor$Worker.run(ThreadPoolExecutor.java:628)\n\tat java.base/java.lang.Thread.run(Thread.java:829)\n","steps":[{"name":"17:09:04.348 - Label 'Choose Login Screen view' :: Clicking","time":{"start":1713892144348,"stop":1713892144348,"duration":0},"status":"passed","steps":[],"attachments":[],"parameters":[],"shouldDisplayMessage":false,"stepsCount":0,"attachmentsCount":0,"hasContent":false,"attachmentStep":false}],"attachments":[],"parameters":[{"name":"viewName","value":"Login Screen"}],"shouldDisplayMessage":true,"stepsCount":1,"attachmentsCount":0,"hasContent":true,"attachmentStep":false}],"attachments":[],"parameters":[],"shouldDisplayMessage":false,"stepsCount":2,"attachmentsCount":0,"hasContent":true,"attachmentStep":false},"afterStages":[{"name":"cleanUp","time":{"start":1713892191023,"stop":1713892192230,"duration":1207},"description":"","status":"passed","steps":[{"name":"17:09:52.205 - Closing application","time":{"start":1713892192205,"stop":1713892192205,"duration":0},"status":"passed","steps":[],"attachments":[],"parameters":[],"shouldDisplayMessage":false,"stepsCount":0,"attachmentsCount":0,"hasContent":false,"attachmentStep":false}],"attachments":[{"uid":"744064dd7c05d258","name":"page source","source":"744064dd7c05d258.html","type":"text/html","size":14614},{"uid":"4ca55fafaf4f928f","name":"screenshot","source":"4ca55fafaf4f928f.png","type":"image/png","size":35962}],"parameters":[],"shouldDisplayMessage":false,"stepsCount":1,"attachmentsCount":2,"hasContent":true,"attachmentStep":false}],"labels":[{"name":"package","value":"aquality.appium.mobile.template.testng.tests.LoginTest"},{"name":"testClass","value":"aquality.appium.mobile.template.testng.tests.LoginTest"},{"name":"testMethod","value":"testLoginWithInvalidCredentials"},{"name":"parentSuite","value":"Surefire suite"},{"name":"suite","value":"Surefire test"},{"name":"subSuite","value":"aquality.appium.mobile.template.testng.tests.LoginTest"},{"name":"host","value":"Mac-1713890314048.local"},{"name":"thread","value":"13460@Mac-1713890314048.local.TestNG-test-Surefire test-1(16)"},{"name":"framework","value":"testng"},{"name":"language","value":"java"},{"name":"resultFormat","value":"allure2"}],"parameters":[{"name":"arg0","value":"LoginModel(username=Username, password=InVal1dPa$$w0rd)"},{"name":"platform","value":"IOS"}],"links":[],"hidden":false,"retry":false,"extra":{"severity":"normal","retries":[],"categories":[{"name":"Test defects","matchedStatuses":[],"flaky":false}],"tags":[]},"source":"87a19c44a15b2371.json","parameterValues":["LoginModel(username=Username, password=InVal1dPa$$w0rd)","IOS"]}